2026/07/20 02:10:48 subai server listening on :8088
2026/07/20 02:10:48   auto-refresh: every 6h0m0s
2026/07/20 02:10:48   webhooks: 1 configured
2026/07/20 02:10:48   output: /root/subai/output/clash.yaml
2026/07/20 02:10:56 parse source "kitty": unable to detect input format
2026/07/20 02:10:56 cache: parse raw cache for "kitty": unable to detect input format
2026/07/20 02:11:06 parse source "kitty": unable to detect input format
2026/07/20 02:11:06 cache: parse raw cache for "kitty": unable to detect input format
2026/07/20 02:11:30 parse source "kitty": unable to detect input format
2026/07/20 02:11:30 cache: parse raw cache for "kitty": unable to detect input format
2026/07/20 02:15:18 parse source "kitty": unable to detect input format
2026/07/20 02:15:18 cache: parse raw cache for "kitty": unable to detect input format
2026/07/20 02:18:58 parse source "kitty": unable to detect input format
2026/07/20 02:18:58 cache: parse raw cache for "kitty": unable to detect input format
2026/07/20 02:46:48 parse source "kitty": unable to detect input format
2026/07/20 02:46:48 cache: parse raw cache for "kitty": unable to detect input format
2026/07/20 02:46:52 parse source "xfltd": unable to detect input format
2026/07/20 02:46:52   using cached 20 proxies for "xfltd"
2026/07/20 02:46:52   ⚠️  source "xfltd": using stale cache (20 proxies)
2026/07/20 02:51:59 parse source "kitty": unable to detect input format
2026/07/20 02:51:59 cache: parse raw cache for "kitty": unable to detect input format
2026/07/20 02:52:03 parse source "xfltd": unable to detect input format
2026/07/20 02:52:03   using cached 20 proxies for "xfltd"
2026/07/20 02:52:03   ⚠️  source "xfltd": using stale cache (20 proxies)
2026/07/20 03:03:58 parse source "kitty": unable to detect input format
2026/07/20 03:03:58 cache: parse raw cache for "kitty": unable to detect input format
